DEBUG - 2026-04-14 00:01:01 --> Session: Class initialized using 'CodeIgniter\Session\Handlers\FileHandler' driver.
DEBUG - 2026-04-14 00:01:10 --> Session: Class initialized using 'CodeIgniter\Session\Handlers\FileHandler' driver.
DEBUG - 2026-04-14 00:01:11 --> Session: Class initialized using 'CodeIgniter\Session\Handlers\FileHandler' driver.
DEBUG - 2026-04-14 00:01:14 --> Session: Class initialized using 'CodeIgniter\Session\Handlers\FileHandler' driver.
DEBUG - 2026-04-14 00:01:15 --> Session: Class initialized using 'CodeIgniter\Session\Handlers\FileHandler' driver.
DEBUG - 2026-04-14 00:01:18 --> Session: Class initialized using 'CodeIgniter\Session\Handlers\FileHandler' driver.
DEBUG - 2026-04-14 00:01:20 --> Session: Class initialized using 'CodeIgniter\Session\Handlers\FileHandler' driver.
DEBUG - 2026-04-14 00:01:22 --> Session: Class initialized using 'CodeIgniter\Session\Handlers\FileHandler' driver.
DEBUG - 2026-04-14 00:01:38 --> Session: Class initialized using 'CodeIgniter\Session\Handlers\FileHandler' driver.
DEBUG - 2026-04-14 00:01:41 --> Session: Class initialized using 'CodeIgniter\Session\Handlers\FileHandler' driver.
DEBUG - 2026-04-14 00:01:42 --> Session: Class initialized using 'CodeIgniter\Session\Handlers\FileHandler' driver.
DEBUG - 2026-04-14 00:01:44 --> Session: Class initialized using 'CodeIgniter\Session\Handlers\FileHandler' driver.
DEBUG - 2026-04-14 00:01:47 --> Session: Class initialized using 'CodeIgniter\Session\Handlers\FileHandler' driver.
DEBUG - 2026-04-14 00:06:14 --> Session: Class initialized using 'CodeIgniter\Session\Handlers\FileHandler' driver.
DEBUG - 2026-04-14 00:06:19 --> Session: Class initialized using 'CodeIgniter\Session\Handlers\FileHandler' driver.
DEBUG - 2026-04-14 00:06:54 --> Session: Class initialized using 'CodeIgniter\Session\Handlers\FileHandler' driver.
DEBUG - 2026-04-14 00:06:55 --> Session: Class initialized using 'CodeIgniter\Session\Handlers\FileHandler' driver.
DEBUG - 2026-04-14 00:07:31 --> Session: Class initialized using 'CodeIgniter\Session\Handlers\FileHandler' driver.
DEBUG - 2026-04-14 00:07:32 --> Session: Class initialized using 'CodeIgniter\Session\Handlers\FileHandler' driver.
DEBUG - 2026-04-14 00:07:33 --> Session: Class initialized using 'CodeIgniter\Session\Handlers\FileHandler' driver.
DEBUG - 2026-04-14 00:08:38 --> Session: Class initialized using 'CodeIgniter\Session\Handlers\FileHandler' driver.
DEBUG - 2026-04-14 00:08:38 --> Session: Class initialized using 'CodeIgniter\Session\Handlers\FileHandler' driver.
DEBUG - 2026-04-14 00:08:50 --> Session: Class initialized using 'CodeIgniter\Session\Handlers\FileHandler' driver.
DEBUG - 2026-04-14 00:08:51 --> Session: Class initialized using 'CodeIgniter\Session\Handlers\FileHandler' driver.
DEBUG - 2026-04-14 00:08:51 --> Session: Class initialized using 'CodeIgniter\Session\Handlers\FileHandler' driver.
DEBUG - 2026-04-14 00:08:52 --> Session: Class initialized using 'CodeIgniter\Session\Handlers\FileHandler' driver.
DEBUG - 2026-04-14 00:08:59 --> Session: Class initialized using 'CodeIgniter\Session\Handlers\FileHandler' driver.
DEBUG - 2026-04-14 00:09:25 --> Session: Class initialized using 'CodeIgniter\Session\Handlers\FileHandler' driver.
DEBUG - 2026-04-14 00:09:28 --> Session: Class initialized using 'CodeIgniter\Session\Handlers\FileHandler' driver.
DEBUG - 2026-04-14 00:10:40 --> Session: Class initialized using 'CodeIgniter\Session\Handlers\FileHandler' driver.
DEBUG - 2026-04-14 00:10:42 --> Session: Class initialized using 'CodeIgniter\Session\Handlers\FileHandler' driver.
DEBUG - 2026-04-14 00:10:43 --> Session: Class initialized using 'CodeIgniter\Session\Handlers\FileHandler' driver.
DEBUG - 2026-04-14 00:10:44 --> Session: Class initialized using 'CodeIgniter\Session\Handlers\FileHandler' driver.
DEBUG - 2026-04-14 00:11:18 --> Session: Class initialized using 'CodeIgniter\Session\Handlers\FileHandler' driver.
DEBUG - 2026-04-14 00:11:39 --> Session: Class initialized using 'CodeIgniter\Session\Handlers\FileHandler' driver.
DEBUG - 2026-04-14 00:12:28 --> Session: Class initialized using 'CodeIgniter\Session\Handlers\FileHandler' driver.
DEBUG - 2026-04-14 00:12:54 --> Session: Class initialized using 'CodeIgniter\Session\Handlers\FileHandler' driver.
DEBUG - 2026-04-14 00:14:51 --> Session: Class initialized using 'CodeIgniter\Session\Handlers\FileHandler' driver.
DEBUG - 2026-04-14 00:14:53 --> Session: Class initialized using 'CodeIgniter\Session\Handlers\FileHandler' driver.
DEBUG - 2026-04-14 00:14:58 --> Session: Class initialized using 'CodeIgniter\Session\Handlers\FileHandler' driver.
DEBUG - 2026-04-14 00:15:03 --> Session: Class initialized using 'CodeIgniter\Session\Handlers\FileHandler' driver.
DEBUG - 2026-04-14 00:17:50 --> Session: Class initialized using 'CodeIgniter\Session\Handlers\FileHandler' driver.
DEBUG - 2026-04-14 00:17:52 --> Session: Class initialized using 'CodeIgniter\Session\Handlers\FileHandler' driver.
DEBUG - 2026-04-14 00:42:35 --> Session: Class initialized using 'CodeIgniter\Session\Handlers\FileHandler' driver.
DEBUG - 2026-04-14 00:42:42 --> Session: Class initialized using 'CodeIgniter\Session\Handlers\FileHandler' driver.
DEBUG - 2026-04-14 00:42:47 --> Session: Class initialized using 'CodeIgniter\Session\Handlers\FileHandler' driver.
DEBUG - 2026-04-14 01:03:13 --> Session: Class initialized using 'CodeIgniter\Session\Handlers\FileHandler' driver.
DEBUG - 2026-04-14 01:03:15 --> Session: Class initialized using 'CodeIgniter\Session\Handlers\FileHandler' driver.
DEBUG - 2026-04-14 01:03:26 --> Session: Class initialized using 'CodeIgniter\Session\Handlers\FileHandler' driver.
DEBUG - 2026-04-14 01:03:27 --> Session: Class initialized using 'CodeIgniter\Session\Handlers\FileHandler' driver.
DEBUG - 2026-04-14 01:03:28 --> Session: Class initialized using 'CodeIgniter\Session\Handlers\FileHandler' driver.
DEBUG - 2026-04-14 01:03:34 --> Session: Class initialized using 'CodeIgniter\Session\Handlers\FileHandler' driver.
DEBUG - 2026-04-14 01:05:19 --> Session: Class initialized using 'CodeIgniter\Session\Handlers\FileHandler' driver.
DEBUG - 2026-04-14 01:05:36 --> Session: Class initialized using 'CodeIgniter\Session\Handlers\FileHandler' driver.
DEBUG - 2026-04-14 01:05:39 --> Session: Class initialized using 'CodeIgniter\Session\Handlers\FileHandler' driver.
DEBUG - 2026-04-14 01:05:39 --> Session: Class initialized using 'CodeIgniter\Session\Handlers\FileHandler' driver.
DEBUG - 2026-04-14 01:05:44 --> Session: Class initialized using 'CodeIgniter\Session\Handlers\FileHandler' driver.
CRITICAL - 2026-04-14 01:05:46 --> CodeIgniter\HTTP\Exceptions\BadRequestException: The URI you submitted has disallowed characters: "MTA="
[Method: GET, Route: cargos/edit/MTA=]
in SYSTEMPATH\Router\Router.php on line 768.
 1 SYSTEMPATH\Router\Router.php(219): CodeIgniter\Router\Router->checkDisallowedChars('cargos/edit/MTA=')
 2 SYSTEMPATH\CodeIgniter.php(829): CodeIgniter\Router\Router->handle('cargos/edit/MTA=')
 3 SYSTEMPATH\CodeIgniter.php(441): CodeIgniter\CodeIgniter->tryToRouteIt(Object(CodeIgniter\Router\RouteCollection))
 4 SYSTEMPATH\CodeIgniter.php(340): CodeIgniter\CodeIgniter->handleRequest(null, Object(Config\Cache), false)
 5 SYSTEMPATH\Boot.php(417): CodeIgniter\CodeIgniter->run()
 6 SYSTEMPATH\Boot.php(68): CodeIgniter\Boot::runCodeIgniter(Object(CodeIgniter\CodeIgniter))
 7 FCPATH\index.php(59): CodeIgniter\Boot::bootWeb(Object(Config\Paths))
CRITICAL - 2026-04-14 01:08:15 --> CodeIgniter\HTTP\Exceptions\BadRequestException: The URI you submitted has disallowed characters: "MTA="
[Method: GET, Route: cargos/edit/MTA=]
in SYSTEMPATH\Router\Router.php on line 768.
 1 SYSTEMPATH\Router\Router.php(219): CodeIgniter\Router\Router->checkDisallowedChars('cargos/edit/MTA=')
 2 SYSTEMPATH\CodeIgniter.php(829): CodeIgniter\Router\Router->handle('cargos/edit/MTA=')
 3 SYSTEMPATH\CodeIgniter.php(441): CodeIgniter\CodeIgniter->tryToRouteIt(Object(CodeIgniter\Router\RouteCollection))
 4 SYSTEMPATH\CodeIgniter.php(340): CodeIgniter\CodeIgniter->handleRequest(null, Object(Config\Cache), false)
 5 SYSTEMPATH\Boot.php(417): CodeIgniter\CodeIgniter->run()
 6 SYSTEMPATH\Boot.php(68): CodeIgniter\Boot::runCodeIgniter(Object(CodeIgniter\CodeIgniter))
 7 FCPATH\index.php(59): CodeIgniter\Boot::bootWeb(Object(Config\Paths))
DEBUG - 2026-04-14 01:08:17 --> Session: Class initialized using 'CodeIgniter\Session\Handlers\FileHandler' driver.
DEBUG - 2026-04-14 01:08:19 --> Session: Class initialized using 'CodeIgniter\Session\Handlers\FileHandler' driver.
CRITICAL - 2026-04-14 01:08:20 --> CodeIgniter\HTTP\Exceptions\BadRequestException: The URI you submitted has disallowed characters: "MTE="
[Method: GET, Route: cargos/edit/MTE=]
in SYSTEMPATH\Router\Router.php on line 768.
 1 SYSTEMPATH\Router\Router.php(219): CodeIgniter\Router\Router->checkDisallowedChars('cargos/edit/MTE=')
 2 SYSTEMPATH\CodeIgniter.php(829): CodeIgniter\Router\Router->handle('cargos/edit/MTE=')
 3 SYSTEMPATH\CodeIgniter.php(441): CodeIgniter\CodeIgniter->tryToRouteIt(Object(CodeIgniter\Router\RouteCollection))
 4 SYSTEMPATH\CodeIgniter.php(340): CodeIgniter\CodeIgniter->handleRequest(null, Object(Config\Cache), false)
 5 SYSTEMPATH\Boot.php(417): CodeIgniter\CodeIgniter->run()
 6 SYSTEMPATH\Boot.php(68): CodeIgniter\Boot::runCodeIgniter(Object(CodeIgniter\CodeIgniter))
 7 FCPATH\index.php(59): CodeIgniter\Boot::bootWeb(Object(Config\Paths))
DEBUG - 2026-04-14 01:10:33 --> Session: Class initialized using 'CodeIgniter\Session\Handlers\FileHandler' driver.
DEBUG - 2026-04-14 01:13:14 --> Session: Class initialized using 'CodeIgniter\Session\Handlers\FileHandler' driver.
DEBUG - 2026-04-14 01:13:33 --> Session: Class initialized using 'CodeIgniter\Session\Handlers\FileHandler' driver.
DEBUG - 2026-04-14 01:22:17 --> Session: Class initialized using 'CodeIgniter\Session\Handlers\FileHandler' driver.
DEBUG - 2026-04-14 01:22:20 --> Session: Class initialized using 'CodeIgniter\Session\Handlers\FileHandler' driver.
DEBUG - 2026-04-14 01:22:22 --> Session: Class initialized using 'CodeIgniter\Session\Handlers\FileHandler' driver.
DEBUG - 2026-04-14 01:22:22 --> Session: Class initialized using 'CodeIgniter\Session\Handlers\FileHandler' driver.
DEBUG - 2026-04-14 01:22:26 --> Session: Class initialized using 'CodeIgniter\Session\Handlers\FileHandler' driver.
DEBUG - 2026-04-14 01:22:37 --> Session: Class initialized using 'CodeIgniter\Session\Handlers\FileHandler' driver.
DEBUG - 2026-04-14 01:22:37 --> Session: Class initialized using 'CodeIgniter\Session\Handlers\FileHandler' driver.
DEBUG - 2026-04-14 01:22:39 --> Session: Class initialized using 'CodeIgniter\Session\Handlers\FileHandler' driver.
DEBUG - 2026-04-14 01:22:52 --> Session: Class initialized using 'CodeIgniter\Session\Handlers\FileHandler' driver.
DEBUG - 2026-04-14 01:22:52 --> Session: Class initialized using 'CodeIgniter\Session\Handlers\FileHandler' driver.
DEBUG - 2026-04-14 01:24:58 --> Session: Class initialized using 'CodeIgniter\Session\Handlers\FileHandler' driver.
DEBUG - 2026-04-14 01:25:01 --> Session: Class initialized using 'CodeIgniter\Session\Handlers\FileHandler' driver.
DEBUG - 2026-04-14 01:25:01 --> Session: Class initialized using 'CodeIgniter\Session\Handlers\FileHandler' driver.
DEBUG - 2026-04-14 01:27:30 --> Session: Class initialized using 'CodeIgniter\Session\Handlers\FileHandler' driver.
DEBUG - 2026-04-14 01:27:37 --> Session: Class initialized using 'CodeIgniter\Session\Handlers\FileHandler' driver.
DEBUG - 2026-04-14 01:27:42 --> Session: Class initialized using 'CodeIgniter\Session\Handlers\FileHandler' driver.
DEBUG - 2026-04-14 01:27:42 --> Session: Class initialized using 'CodeIgniter\Session\Handlers\FileHandler' driver.
DEBUG - 2026-04-14 01:27:56 --> Session: Class initialized using 'CodeIgniter\Session\Handlers\FileHandler' driver.
DEBUG - 2026-04-14 01:27:56 --> Session: Class initialized using 'CodeIgniter\Session\Handlers\FileHandler' driver.
DEBUG - 2026-04-14 01:28:02 --> Session: Class initialized using 'CodeIgniter\Session\Handlers\FileHandler' driver.
DEBUG - 2026-04-14 01:28:16 --> Session: Class initialized using 'CodeIgniter\Session\Handlers\FileHandler' driver.
DEBUG - 2026-04-14 01:28:20 --> Session: Class initialized using 'CodeIgniter\Session\Handlers\FileHandler' driver.
DEBUG - 2026-04-14 01:28:42 --> Session: Class initialized using 'CodeIgniter\Session\Handlers\FileHandler' driver.
DEBUG - 2026-04-14 01:28:42 --> Session: Class initialized using 'CodeIgniter\Session\Handlers\FileHandler' driver.
DEBUG - 2026-04-14 01:28:49 --> Session: Class initialized using 'CodeIgniter\Session\Handlers\FileHandler' driver.
DEBUG - 2026-04-14 01:33:23 --> Session: Class initialized using 'CodeIgniter\Session\Handlers\FileHandler' driver.
DEBUG - 2026-04-14 01:33:25 --> Session: Class initialized using 'CodeIgniter\Session\Handlers\FileHandler' driver.
DEBUG - 2026-04-14 01:33:29 --> Session: Class initialized using 'CodeIgniter\Session\Handlers\FileHandler' driver.
DEBUG - 2026-04-14 01:33:29 --> Session: Class initialized using 'CodeIgniter\Session\Handlers\FileHandler' driver.
DEBUG - 2026-04-14 01:33:31 --> Session: Class initialized using 'CodeIgniter\Session\Handlers\FileHandler' driver.
DEBUG - 2026-04-14 01:33:32 --> Session: Class initialized using 'CodeIgniter\Session\Handlers\FileHandler' driver.
DEBUG - 2026-04-14 01:33:33 --> Session: Class initialized using 'CodeIgniter\Session\Handlers\FileHandler' driver.
DEBUG - 2026-04-14 01:33:34 --> Session: Class initialized using 'CodeIgniter\Session\Handlers\FileHandler' driver.
DEBUG - 2026-04-14 01:33:34 --> Session: Class initialized using 'CodeIgniter\Session\Handlers\FileHandler' driver.
DEBUG - 2026-04-14 01:33:36 --> Session: Class initialized using 'CodeIgniter\Session\Handlers\FileHandler' driver.
DEBUG - 2026-04-14 01:33:36 --> Session: Class initialized using 'CodeIgniter\Session\Handlers\FileHandler' driver.
DEBUG - 2026-04-14 01:33:37 --> Session: Class initialized using 'CodeIgniter\Session\Handlers\FileHandler' driver.
DEBUG - 2026-04-14 01:33:46 --> Session: Class initialized using 'CodeIgniter\Session\Handlers\FileHandler' driver.
DEBUG - 2026-04-14 01:33:46 --> Session: Class initialized using 'CodeIgniter\Session\Handlers\FileHandler' driver.
DEBUG - 2026-04-14 01:33:48 --> Session: Class initialized using 'CodeIgniter\Session\Handlers\FileHandler' driver.
DEBUG - 2026-04-14 01:34:04 --> Session: Class initialized using 'CodeIgniter\Session\Handlers\FileHandler' driver.
DEBUG - 2026-04-14 01:34:04 --> Session: Class initialized using 'CodeIgniter\Session\Handlers\FileHandler' driver.
DEBUG - 2026-04-14 01:34:09 --> Session: Class initialized using 'CodeIgniter\Session\Handlers\FileHandler' driver.
DEBUG - 2026-04-14 01:34:22 --> Session: Class initialized using 'CodeIgniter\Session\Handlers\FileHandler' driver.
DEBUG - 2026-04-14 01:34:22 --> Session: Class initialized using 'CodeIgniter\Session\Handlers\FileHandler' driver.
DEBUG - 2026-04-14 01:36:46 --> Session: Class initialized using 'CodeIgniter\Session\Handlers\FileHandler' driver.
DEBUG - 2026-04-14 01:36:46 --> Session: Class initialized using 'CodeIgniter\Session\Handlers\FileHandler' driver.
DEBUG - 2026-04-14 01:36:47 --> Session: Class initialized using 'CodeIgniter\Session\Handlers\FileHandler' driver.
DEBUG - 2026-04-14 02:21:17 --> Session: Class initialized using 'CodeIgniter\Session\Handlers\FileHandler' driver.
DEBUG - 2026-04-14 02:31:03 --> Session: Class initialized using 'CodeIgniter\Session\Handlers\FileHandler' driver.
DEBUG - 2026-04-14 02:31:06 --> Session: Class initialized using 'CodeIgniter\Session\Handlers\FileHandler' driver.
DEBUG - 2026-04-14 02:31:10 --> Session: Class initialized using 'CodeIgniter\Session\Handlers\FileHandler' driver.
DEBUG - 2026-04-14 02:31:11 --> Session: Class initialized using 'CodeIgniter\Session\Handlers\FileHandler' driver.
DEBUG - 2026-04-14 02:32:52 --> Session: Class initialized using 'CodeIgniter\Session\Handlers\FileHandler' driver.
DEBUG - 2026-04-14 12:04:42 --> Session: Class initialized using 'CodeIgniter\Session\Handlers\FileHandler' driver.
ERROR - 2026-04-14 14:05:59 --> Error connecting to the database: mysqli_sql_exception: Nenhuma conexão pôde ser feita porque a máquina de destino as recusou ativamente in C:\laragon\www\crud-cadastro\system\Database\MySQLi\Connection.php:201
Stack trace:
#0 C:\laragon\www\crud-cadastro\system\Database\MySQLi\Connection.php(201): mysqli->real_connect('localhost', 'user_admin', Object(SensitiveParameterValue), 'ci4_avaliacao', 3306, '', 0)
#1 C:\laragon\www\crud-cadastro\system\Database\BaseConnection.php(555): CodeIgniter\Database\MySQLi\Connection->connect(false)
#2 C:\laragon\www\crud-cadastro\system\Database\BaseConnection.php(795): CodeIgniter\Database\BaseConnection->initialize()
#3 C:\laragon\www\crud-cadastro\system\Database\BaseBuilder.php(1649): CodeIgniter\Database\BaseConnection->query('SELECT `tbl_fun...', Array, false)
#4 C:\laragon\www\crud-cadastro\system\Model.php(253): CodeIgniter\Database\BaseBuilder->get()
#5 C:\laragon\www\crud-cadastro\system\BaseModel.php(676): CodeIgniter\Model->doFindAll(0, 0)
#6 C:\laragon\www\crud-cadastro\app\Controllers\FuncionariosController.php(45): CodeIgniter\BaseModel->findAll()
#7 C:\laragon\www\crud-cadastro\system\CodeIgniter.php(951): App\Controllers\FuncionariosController->index()
#8 C:\laragon\www\crud-cadastro\system\CodeIgniter.php(497): CodeIgniter\CodeIgniter->runController(Object(App\Controllers\FuncionariosController))
#9 C:\laragon\www\crud-cadastro\system\CodeIgniter.php(340): CodeIgniter\CodeIgniter->handleRequest(NULL, Object(Config\Cache), false)
#10 C:\laragon\www\crud-cadastro\system\Boot.php(417): CodeIgniter\CodeIgniter->run()
#11 C:\laragon\www\crud-cadastro\system\Boot.php(68): CodeIgniter\Boot::runCodeIgniter(Object(CodeIgniter\CodeIgniter))
#12 C:\laragon\www\crud-cadastro\public\index.php(59): CodeIgniter\Boot::bootWeb(Object(Config\Paths))
#13 {main}

Next CodeIgniter\Database\Exceptions\DatabaseException: Nenhuma conexão pôde ser feita porque a máquina de destino as recusou ativamente in C:\laragon\www\crud-cadastro\system\Database\MySQLi\Connection.php:231
Stack trace:
#0 C:\laragon\www\crud-cadastro\system\Database\BaseConnection.php(555): CodeIgniter\Database\MySQLi\Connection->connect(false)
#1 C:\laragon\www\crud-cadastro\system\Database\BaseConnection.php(795): CodeIgniter\Database\BaseConnection->initialize()
#2 C:\laragon\www\crud-cadastro\system\Database\BaseBuilder.php(1649): CodeIgniter\Database\BaseConnection->query('SELECT `tbl_fun...', Array, false)
#3 C:\laragon\www\crud-cadastro\system\Model.php(253): CodeIgniter\Database\BaseBuilder->get()
#4 C:\laragon\www\crud-cadastro\system\BaseModel.php(676): CodeIgniter\Model->doFindAll(0, 0)
#5 C:\laragon\www\crud-cadastro\app\Controllers\FuncionariosController.php(45): CodeIgniter\BaseModel->findAll()
#6 C:\laragon\www\crud-cadastro\system\CodeIgniter.php(951): App\Controllers\FuncionariosController->index()
#7 C:\laragon\www\crud-cadastro\system\CodeIgniter.php(497): CodeIgniter\CodeIgniter->runController(Object(App\Controllers\FuncionariosController))
#8 C:\laragon\www\crud-cadastro\system\CodeIgniter.php(340): CodeIgniter\CodeIgniter->handleRequest(NULL, Object(Config\Cache), false)
#9 C:\laragon\www\crud-cadastro\system\Boot.php(417): CodeIgniter\CodeIgniter->run()
#10 C:\laragon\www\crud-cadastro\system\Boot.php(68): CodeIgniter\Boot::runCodeIgniter(Object(CodeIgniter\CodeIgniter))
#11 C:\laragon\www\crud-cadastro\public\index.php(59): CodeIgniter\Boot::bootWeb(Object(Config\Paths))
#12 {main}
CRITICAL - 2026-04-14 14:05:59 --> CodeIgniter\Database\Exceptions\DatabaseException: Unable to connect to the database.
Main connection [MySQLi]: Nenhuma conexão pôde ser feita porque a máquina de destino as recusou ativamente
[Method: GET, Route: funcionarios]
in SYSTEMPATH\Database\BaseConnection.php on line 606.
 1 SYSTEMPATH\Database\BaseConnection.php(795): CodeIgniter\Database\BaseConnection->initialize()
 2 SYSTEMPATH\Database\BaseBuilder.php(1649): CodeIgniter\Database\BaseConnection->query('SELECT `tbl_funcionario`.*, `tbl_cargo`.`cbo_codigo`, `tbl_cargo`.`cbo_descricao`
FROM `tbl_funcionario`
LEFT JOIN `tbl_cargo` ON `tbl_cargo`.`CBOID` = `tbl_funcionario`.`fun_CBOID`
WHERE `tbl_funcionario`.`fun_flg_status` = :tbl_funcionario.fun_flg_status:', [...], false)
 3 SYSTEMPATH\Model.php(253): CodeIgniter\Database\BaseBuilder->get()
 4 SYSTEMPATH\BaseModel.php(676): CodeIgniter\Model->doFindAll(0, 0)
 5 APPPATH\Controllers\FuncionariosController.php(45): CodeIgniter\BaseModel->findAll()
 6 SYSTEMPATH\CodeIgniter.php(951): App\Controllers\FuncionariosController->index()
 7 SYSTEMPATH\CodeIgniter.php(497): CodeIgniter\CodeIgniter->runController(Object(App\Controllers\FuncionariosController))
 8 SYSTEMPATH\CodeIgniter.php(340): CodeIgniter\CodeIgniter->handleRequest(null, Object(Config\Cache), false)
 9 SYSTEMPATH\Boot.php(417): CodeIgniter\CodeIgniter->run()
10 SYSTEMPATH\Boot.php(68): CodeIgniter\Boot::runCodeIgniter(Object(CodeIgniter\CodeIgniter))
11 FCPATH\index.php(59): CodeIgniter\Boot::bootWeb(Object(Config\Paths))
ERROR - 2026-04-14 14:06:09 --> Error connecting to the database: mysqli_sql_exception: Nenhuma conexão pôde ser feita porque a máquina de destino as recusou ativamente in C:\laragon\www\crud-cadastro\system\Database\MySQLi\Connection.php:201
Stack trace:
#0 C:\laragon\www\crud-cadastro\system\Database\MySQLi\Connection.php(201): mysqli->real_connect('localhost', 'user_admin', Object(SensitiveParameterValue), 'ci4_avaliacao', 3306, '', 0)
#1 C:\laragon\www\crud-cadastro\system\Database\BaseConnection.php(555): CodeIgniter\Database\MySQLi\Connection->connect(false)
#2 C:\laragon\www\crud-cadastro\system\Database\BaseConnection.php(795): CodeIgniter\Database\BaseConnection->initialize()
#3 C:\laragon\www\crud-cadastro\system\Database\BaseBuilder.php(1649): CodeIgniter\Database\BaseConnection->query('SELECT `tbl_fun...', Array, false)
#4 C:\laragon\www\crud-cadastro\system\Model.php(253): CodeIgniter\Database\BaseBuilder->get()
#5 C:\laragon\www\crud-cadastro\system\BaseModel.php(676): CodeIgniter\Model->doFindAll(0, 0)
#6 C:\laragon\www\crud-cadastro\app\Controllers\FuncionariosController.php(45): CodeIgniter\BaseModel->findAll()
#7 C:\laragon\www\crud-cadastro\system\CodeIgniter.php(951): App\Controllers\FuncionariosController->index()
#8 C:\laragon\www\crud-cadastro\system\CodeIgniter.php(497): CodeIgniter\CodeIgniter->runController(Object(App\Controllers\FuncionariosController))
#9 C:\laragon\www\crud-cadastro\system\CodeIgniter.php(340): CodeIgniter\CodeIgniter->handleRequest(NULL, Object(Config\Cache), false)
#10 C:\laragon\www\crud-cadastro\system\Boot.php(417): CodeIgniter\CodeIgniter->run()
#11 C:\laragon\www\crud-cadastro\system\Boot.php(68): CodeIgniter\Boot::runCodeIgniter(Object(CodeIgniter\CodeIgniter))
#12 C:\laragon\www\crud-cadastro\public\index.php(59): CodeIgniter\Boot::bootWeb(Object(Config\Paths))
#13 {main}

Next CodeIgniter\Database\Exceptions\DatabaseException: Nenhuma conexão pôde ser feita porque a máquina de destino as recusou ativamente in C:\laragon\www\crud-cadastro\system\Database\MySQLi\Connection.php:231
Stack trace:
#0 C:\laragon\www\crud-cadastro\system\Database\BaseConnection.php(555): CodeIgniter\Database\MySQLi\Connection->connect(false)
#1 C:\laragon\www\crud-cadastro\system\Database\BaseConnection.php(795): CodeIgniter\Database\BaseConnection->initialize()
#2 C:\laragon\www\crud-cadastro\system\Database\BaseBuilder.php(1649): CodeIgniter\Database\BaseConnection->query('SELECT `tbl_fun...', Array, false)
#3 C:\laragon\www\crud-cadastro\system\Model.php(253): CodeIgniter\Database\BaseBuilder->get()
#4 C:\laragon\www\crud-cadastro\system\BaseModel.php(676): CodeIgniter\Model->doFindAll(0, 0)
#5 C:\laragon\www\crud-cadastro\app\Controllers\FuncionariosController.php(45): CodeIgniter\BaseModel->findAll()
#6 C:\laragon\www\crud-cadastro\system\CodeIgniter.php(951): App\Controllers\FuncionariosController->index()
#7 C:\laragon\www\crud-cadastro\system\CodeIgniter.php(497): CodeIgniter\CodeIgniter->runController(Object(App\Controllers\FuncionariosController))
#8 C:\laragon\www\crud-cadastro\system\CodeIgniter.php(340): CodeIgniter\CodeIgniter->handleRequest(NULL, Object(Config\Cache), false)
#9 C:\laragon\www\crud-cadastro\system\Boot.php(417): CodeIgniter\CodeIgniter->run()
#10 C:\laragon\www\crud-cadastro\system\Boot.php(68): CodeIgniter\Boot::runCodeIgniter(Object(CodeIgniter\CodeIgniter))
#11 C:\laragon\www\crud-cadastro\public\index.php(59): CodeIgniter\Boot::bootWeb(Object(Config\Paths))
#12 {main}
CRITICAL - 2026-04-14 14:06:09 --> CodeIgniter\Database\Exceptions\DatabaseException: Unable to connect to the database.
Main connection [MySQLi]: Nenhuma conexão pôde ser feita porque a máquina de destino as recusou ativamente
[Method: GET, Route: funcionarios]
in SYSTEMPATH\Database\BaseConnection.php on line 606.
 1 SYSTEMPATH\Database\BaseConnection.php(795): CodeIgniter\Database\BaseConnection->initialize()
 2 SYSTEMPATH\Database\BaseBuilder.php(1649): CodeIgniter\Database\BaseConnection->query('SELECT `tbl_funcionario`.*, `tbl_cargo`.`cbo_codigo`, `tbl_cargo`.`cbo_descricao`
FROM `tbl_funcionario`
LEFT JOIN `tbl_cargo` ON `tbl_cargo`.`CBOID` = `tbl_funcionario`.`fun_CBOID`', [], false)
 3 SYSTEMPATH\Model.php(253): CodeIgniter\Database\BaseBuilder->get()
 4 SYSTEMPATH\BaseModel.php(676): CodeIgniter\Model->doFindAll(0, 0)
 5 APPPATH\Controllers\FuncionariosController.php(45): CodeIgniter\BaseModel->findAll()
 6 SYSTEMPATH\CodeIgniter.php(951): App\Controllers\FuncionariosController->index()
 7 SYSTEMPATH\CodeIgniter.php(497): CodeIgniter\CodeIgniter->runController(Object(App\Controllers\FuncionariosController))
 8 SYSTEMPATH\CodeIgniter.php(340): CodeIgniter\CodeIgniter->handleRequest(null, Object(Config\Cache), false)
 9 SYSTEMPATH\Boot.php(417): CodeIgniter\CodeIgniter->run()
10 SYSTEMPATH\Boot.php(68): CodeIgniter\Boot::runCodeIgniter(Object(CodeIgniter\CodeIgniter))
11 FCPATH\index.php(59): CodeIgniter\Boot::bootWeb(Object(Config\Paths))
ERROR - 2026-04-14 14:06:25 --> Error connecting to the database: mysqli_sql_exception: Nenhuma conexão pôde ser feita porque a máquina de destino as recusou ativamente in C:\laragon\www\crud-cadastro\system\Database\MySQLi\Connection.php:201
Stack trace:
#0 C:\laragon\www\crud-cadastro\system\Database\MySQLi\Connection.php(201): mysqli->real_connect('localhost', 'user_admin', Object(SensitiveParameterValue), 'ci4_avaliacao', 3306, '', 0)
#1 C:\laragon\www\crud-cadastro\system\Database\BaseConnection.php(555): CodeIgniter\Database\MySQLi\Connection->connect(false)
#2 C:\laragon\www\crud-cadastro\system\Database\BaseConnection.php(795): CodeIgniter\Database\BaseConnection->initialize()
#3 C:\laragon\www\crud-cadastro\system\Database\BaseBuilder.php(1649): CodeIgniter\Database\BaseConnection->query('SELECT *\nFROM `...', Array, false)
#4 C:\laragon\www\crud-cadastro\system\Model.php(253): CodeIgniter\Database\BaseBuilder->get()
#5 C:\laragon\www\crud-cadastro\system\BaseModel.php(676): CodeIgniter\Model->doFindAll(0, 0)
#6 C:\laragon\www\crud-cadastro\app\Controllers\CargosController.php(31): CodeIgniter\BaseModel->findAll()
#7 C:\laragon\www\crud-cadastro\system\CodeIgniter.php(951): App\Controllers\CargosController->index()
#8 C:\laragon\www\crud-cadastro\system\CodeIgniter.php(497): CodeIgniter\CodeIgniter->runController(Object(App\Controllers\CargosController))
#9 C:\laragon\www\crud-cadastro\system\CodeIgniter.php(340): CodeIgniter\CodeIgniter->handleRequest(NULL, Object(Config\Cache), false)
#10 C:\laragon\www\crud-cadastro\system\Boot.php(417): CodeIgniter\CodeIgniter->run()
#11 C:\laragon\www\crud-cadastro\system\Boot.php(68): CodeIgniter\Boot::runCodeIgniter(Object(CodeIgniter\CodeIgniter))
#12 C:\laragon\www\crud-cadastro\public\index.php(59): CodeIgniter\Boot::bootWeb(Object(Config\Paths))
#13 {main}

Next CodeIgniter\Database\Exceptions\DatabaseException: Nenhuma conexão pôde ser feita porque a máquina de destino as recusou ativamente in C:\laragon\www\crud-cadastro\system\Database\MySQLi\Connection.php:231
Stack trace:
#0 C:\laragon\www\crud-cadastro\system\Database\BaseConnection.php(555): CodeIgniter\Database\MySQLi\Connection->connect(false)
#1 C:\laragon\www\crud-cadastro\system\Database\BaseConnection.php(795): CodeIgniter\Database\BaseConnection->initialize()
#2 C:\laragon\www\crud-cadastro\system\Database\BaseBuilder.php(1649): CodeIgniter\Database\BaseConnection->query('SELECT *\nFROM `...', Array, false)
#3 C:\laragon\www\crud-cadastro\system\Model.php(253): CodeIgniter\Database\BaseBuilder->get()
#4 C:\laragon\www\crud-cadastro\system\BaseModel.php(676): CodeIgniter\Model->doFindAll(0, 0)
#5 C:\laragon\www\crud-cadastro\app\Controllers\CargosController.php(31): CodeIgniter\BaseModel->findAll()
#6 C:\laragon\www\crud-cadastro\system\CodeIgniter.php(951): App\Controllers\CargosController->index()
#7 C:\laragon\www\crud-cadastro\system\CodeIgniter.php(497): CodeIgniter\CodeIgniter->runController(Object(App\Controllers\CargosController))
#8 C:\laragon\www\crud-cadastro\system\CodeIgniter.php(340): CodeIgniter\CodeIgniter->handleRequest(NULL, Object(Config\Cache), false)
#9 C:\laragon\www\crud-cadastro\system\Boot.php(417): CodeIgniter\CodeIgniter->run()
#10 C:\laragon\www\crud-cadastro\system\Boot.php(68): CodeIgniter\Boot::runCodeIgniter(Object(CodeIgniter\CodeIgniter))
#11 C:\laragon\www\crud-cadastro\public\index.php(59): CodeIgniter\Boot::bootWeb(Object(Config\Paths))
#12 {main}
CRITICAL - 2026-04-14 14:06:25 --> CodeIgniter\Database\Exceptions\DatabaseException: Unable to connect to the database.
Main connection [MySQLi]: Nenhuma conexão pôde ser feita porque a máquina de destino as recusou ativamente
[Method: GET, Route: cargos]
in SYSTEMPATH\Database\BaseConnection.php on line 606.
 1 SYSTEMPATH\Database\BaseConnection.php(795): CodeIgniter\Database\BaseConnection->initialize()
 2 SYSTEMPATH\Database\BaseBuilder.php(1649): CodeIgniter\Database\BaseConnection->query('SELECT *
FROM `tbl_cargo`', [], false)
 3 SYSTEMPATH\Model.php(253): CodeIgniter\Database\BaseBuilder->get()
 4 SYSTEMPATH\BaseModel.php(676): CodeIgniter\Model->doFindAll(0, 0)
 5 APPPATH\Controllers\CargosController.php(31): CodeIgniter\BaseModel->findAll()
 6 SYSTEMPATH\CodeIgniter.php(951): App\Controllers\CargosController->index()
 7 SYSTEMPATH\CodeIgniter.php(497): CodeIgniter\CodeIgniter->runController(Object(App\Controllers\CargosController))
 8 SYSTEMPATH\CodeIgniter.php(340): CodeIgniter\CodeIgniter->handleRequest(null, Object(Config\Cache), false)
 9 SYSTEMPATH\Boot.php(417): CodeIgniter\CodeIgniter->run()
10 SYSTEMPATH\Boot.php(68): CodeIgniter\Boot::runCodeIgniter(Object(CodeIgniter\CodeIgniter))
11 FCPATH\index.php(59): CodeIgniter\Boot::bootWeb(Object(Config\Paths))
ERROR - 2026-04-14 14:07:05 --> Error connecting to the database: mysqli_sql_exception: Access denied for user 'user_admin'@'localhost' (using password: YES) in C:\laragon\www\crud-cadastro\system\Database\MySQLi\Connection.php:201
Stack trace:
#0 C:\laragon\www\crud-cadastro\system\Database\MySQLi\Connection.php(201): mysqli->real_connect('localhost', 'user_admin', Object(SensitiveParameterValue), 'ci4_avaliacao', 3306, '', 0)
#1 C:\laragon\www\crud-cadastro\system\Database\BaseConnection.php(555): CodeIgniter\Database\MySQLi\Connection->connect(false)
#2 C:\laragon\www\crud-cadastro\system\Database\BaseConnection.php(795): CodeIgniter\Database\BaseConnection->initialize()
#3 C:\laragon\www\crud-cadastro\system\Database\BaseBuilder.php(1649): CodeIgniter\Database\BaseConnection->query('SELECT *\nFROM `...', Array, false)
#4 C:\laragon\www\crud-cadastro\system\Model.php(253): CodeIgniter\Database\BaseBuilder->get()
#5 C:\laragon\www\crud-cadastro\system\BaseModel.php(676): CodeIgniter\Model->doFindAll(0, 0)
#6 C:\laragon\www\crud-cadastro\app\Controllers\CargosController.php(31): CodeIgniter\BaseModel->findAll()
#7 C:\laragon\www\crud-cadastro\system\CodeIgniter.php(951): App\Controllers\CargosController->index()
#8 C:\laragon\www\crud-cadastro\system\CodeIgniter.php(497): CodeIgniter\CodeIgniter->runController(Object(App\Controllers\CargosController))
#9 C:\laragon\www\crud-cadastro\system\CodeIgniter.php(340): CodeIgniter\CodeIgniter->handleRequest(NULL, Object(Config\Cache), false)
#10 C:\laragon\www\crud-cadastro\system\Boot.php(417): CodeIgniter\CodeIgniter->run()
#11 C:\laragon\www\crud-cadastro\system\Boot.php(68): CodeIgniter\Boot::runCodeIgniter(Object(CodeIgniter\CodeIgniter))
#12 C:\laragon\www\crud-cadastro\public\index.php(59): CodeIgniter\Boot::bootWeb(Object(Config\Paths))
#13 {main}

Next CodeIgniter\Database\Exceptions\DatabaseException: Access denied for user '****'@'localhost' (using password: YES) in C:\laragon\www\crud-cadastro\system\Database\MySQLi\Connection.php:231
Stack trace:
#0 C:\laragon\www\crud-cadastro\system\Database\BaseConnection.php(555): CodeIgniter\Database\MySQLi\Connection->connect(false)
#1 C:\laragon\www\crud-cadastro\system\Database\BaseConnection.php(795): CodeIgniter\Database\BaseConnection->initialize()
#2 C:\laragon\www\crud-cadastro\system\Database\BaseBuilder.php(1649): CodeIgniter\Database\BaseConnection->query('SELECT *\nFROM `...', Array, false)
#3 C:\laragon\www\crud-cadastro\system\Model.php(253): CodeIgniter\Database\BaseBuilder->get()
#4 C:\laragon\www\crud-cadastro\system\BaseModel.php(676): CodeIgniter\Model->doFindAll(0, 0)
#5 C:\laragon\www\crud-cadastro\app\Controllers\CargosController.php(31): CodeIgniter\BaseModel->findAll()
#6 C:\laragon\www\crud-cadastro\system\CodeIgniter.php(951): App\Controllers\CargosController->index()
#7 C:\laragon\www\crud-cadastro\system\CodeIgniter.php(497): CodeIgniter\CodeIgniter->runController(Object(App\Controllers\CargosController))
#8 C:\laragon\www\crud-cadastro\system\CodeIgniter.php(340): CodeIgniter\CodeIgniter->handleRequest(NULL, Object(Config\Cache), false)
#9 C:\laragon\www\crud-cadastro\system\Boot.php(417): CodeIgniter\CodeIgniter->run()
#10 C:\laragon\www\crud-cadastro\system\Boot.php(68): CodeIgniter\Boot::runCodeIgniter(Object(CodeIgniter\CodeIgniter))
#11 C:\laragon\www\crud-cadastro\public\index.php(59): CodeIgniter\Boot::bootWeb(Object(Config\Paths))
#12 {main}
CRITICAL - 2026-04-14 14:07:05 --> CodeIgniter\Database\Exceptions\DatabaseException: Unable to connect to the database.
Main connection [MySQLi]: Access denied for user '****'@'localhost' (using password: YES)
[Method: GET, Route: cargos]
in SYSTEMPATH\Database\BaseConnection.php on line 606.
 1 SYSTEMPATH\Database\BaseConnection.php(795): CodeIgniter\Database\BaseConnection->initialize()
 2 SYSTEMPATH\Database\BaseBuilder.php(1649): CodeIgniter\Database\BaseConnection->query('SELECT *
FROM `tbl_cargo`', [], false)
 3 SYSTEMPATH\Model.php(253): CodeIgniter\Database\BaseBuilder->get()
 4 SYSTEMPATH\BaseModel.php(676): CodeIgniter\Model->doFindAll(0, 0)
 5 APPPATH\Controllers\CargosController.php(31): CodeIgniter\BaseModel->findAll()
 6 SYSTEMPATH\CodeIgniter.php(951): App\Controllers\CargosController->index()
 7 SYSTEMPATH\CodeIgniter.php(497): CodeIgniter\CodeIgniter->runController(Object(App\Controllers\CargosController))
 8 SYSTEMPATH\CodeIgniter.php(340): CodeIgniter\CodeIgniter->handleRequest(null, Object(Config\Cache), false)
 9 SYSTEMPATH\Boot.php(417): CodeIgniter\CodeIgniter->run()
10 SYSTEMPATH\Boot.php(68): CodeIgniter\Boot::runCodeIgniter(Object(CodeIgniter\CodeIgniter))
11 FCPATH\index.php(59): CodeIgniter\Boot::bootWeb(Object(Config\Paths))
ERROR - 2026-04-14 14:07:07 --> Error connecting to the database: mysqli_sql_exception: Access denied for user 'user_admin'@'localhost' (using password: YES) in C:\laragon\www\crud-cadastro\system\Database\MySQLi\Connection.php:201
Stack trace:
#0 C:\laragon\www\crud-cadastro\system\Database\MySQLi\Connection.php(201): mysqli->real_connect('localhost', 'user_admin', Object(SensitiveParameterValue), 'ci4_avaliacao', 3306, '', 0)
#1 C:\laragon\www\crud-cadastro\system\Database\BaseConnection.php(555): CodeIgniter\Database\MySQLi\Connection->connect(false)
#2 C:\laragon\www\crud-cadastro\system\Database\BaseConnection.php(795): CodeIgniter\Database\BaseConnection->initialize()
#3 C:\laragon\www\crud-cadastro\system\Database\BaseBuilder.php(1649): CodeIgniter\Database\BaseConnection->query('SELECT *\nFROM `...', Array, false)
#4 C:\laragon\www\crud-cadastro\system\Model.php(253): CodeIgniter\Database\BaseBuilder->get()
#5 C:\laragon\www\crud-cadastro\system\BaseModel.php(676): CodeIgniter\Model->doFindAll(0, 0)
#6 C:\laragon\www\crud-cadastro\app\Controllers\CargosController.php(31): CodeIgniter\BaseModel->findAll()
#7 C:\laragon\www\crud-cadastro\system\CodeIgniter.php(951): App\Controllers\CargosController->index()
#8 C:\laragon\www\crud-cadastro\system\CodeIgniter.php(497): CodeIgniter\CodeIgniter->runController(Object(App\Controllers\CargosController))
#9 C:\laragon\www\crud-cadastro\system\CodeIgniter.php(340): CodeIgniter\CodeIgniter->handleRequest(NULL, Object(Config\Cache), false)
#10 C:\laragon\www\crud-cadastro\system\Boot.php(417): CodeIgniter\CodeIgniter->run()
#11 C:\laragon\www\crud-cadastro\system\Boot.php(68): CodeIgniter\Boot::runCodeIgniter(Object(CodeIgniter\CodeIgniter))
#12 C:\laragon\www\crud-cadastro\public\index.php(59): CodeIgniter\Boot::bootWeb(Object(Config\Paths))
#13 {main}

Next CodeIgniter\Database\Exceptions\DatabaseException: Access denied for user '****'@'localhost' (using password: YES) in C:\laragon\www\crud-cadastro\system\Database\MySQLi\Connection.php:231
Stack trace:
#0 C:\laragon\www\crud-cadastro\system\Database\BaseConnection.php(555): CodeIgniter\Database\MySQLi\Connection->connect(false)
#1 C:\laragon\www\crud-cadastro\system\Database\BaseConnection.php(795): CodeIgniter\Database\BaseConnection->initialize()
#2 C:\laragon\www\crud-cadastro\system\Database\BaseBuilder.php(1649): CodeIgniter\Database\BaseConnection->query('SELECT *\nFROM `...', Array, false)
#3 C:\laragon\www\crud-cadastro\system\Model.php(253): CodeIgniter\Database\BaseBuilder->get()
#4 C:\laragon\www\crud-cadastro\system\BaseModel.php(676): CodeIgniter\Model->doFindAll(0, 0)
#5 C:\laragon\www\crud-cadastro\app\Controllers\CargosController.php(31): CodeIgniter\BaseModel->findAll()
#6 C:\laragon\www\crud-cadastro\system\CodeIgniter.php(951): App\Controllers\CargosController->index()
#7 C:\laragon\www\crud-cadastro\system\CodeIgniter.php(497): CodeIgniter\CodeIgniter->runController(Object(App\Controllers\CargosController))
#8 C:\laragon\www\crud-cadastro\system\CodeIgniter.php(340): CodeIgniter\CodeIgniter->handleRequest(NULL, Object(Config\Cache), false)
#9 C:\laragon\www\crud-cadastro\system\Boot.php(417): CodeIgniter\CodeIgniter->run()
#10 C:\laragon\www\crud-cadastro\system\Boot.php(68): CodeIgniter\Boot::runCodeIgniter(Object(CodeIgniter\CodeIgniter))
#11 C:\laragon\www\crud-cadastro\public\index.php(59): CodeIgniter\Boot::bootWeb(Object(Config\Paths))
#12 {main}
CRITICAL - 2026-04-14 14:07:07 --> CodeIgniter\Database\Exceptions\DatabaseException: Unable to connect to the database.
Main connection [MySQLi]: Access denied for user '****'@'localhost' (using password: YES)
[Method: GET, Route: cargos]
in SYSTEMPATH\Database\BaseConnection.php on line 606.
 1 SYSTEMPATH\Database\BaseConnection.php(795): CodeIgniter\Database\BaseConnection->initialize()
 2 SYSTEMPATH\Database\BaseBuilder.php(1649): CodeIgniter\Database\BaseConnection->query('SELECT *
FROM `tbl_cargo`', [], false)
 3 SYSTEMPATH\Model.php(253): CodeIgniter\Database\BaseBuilder->get()
 4 SYSTEMPATH\BaseModel.php(676): CodeIgniter\Model->doFindAll(0, 0)
 5 APPPATH\Controllers\CargosController.php(31): CodeIgniter\BaseModel->findAll()
 6 SYSTEMPATH\CodeIgniter.php(951): App\Controllers\CargosController->index()
 7 SYSTEMPATH\CodeIgniter.php(497): CodeIgniter\CodeIgniter->runController(Object(App\Controllers\CargosController))
 8 SYSTEMPATH\CodeIgniter.php(340): CodeIgniter\CodeIgniter->handleRequest(null, Object(Config\Cache), false)
 9 SYSTEMPATH\Boot.php(417): CodeIgniter\CodeIgniter->run()
10 SYSTEMPATH\Boot.php(68): CodeIgniter\Boot::runCodeIgniter(Object(CodeIgniter\CodeIgniter))
11 FCPATH\index.php(59): CodeIgniter\Boot::bootWeb(Object(Config\Paths))
ERROR - 2026-04-14 14:07:13 --> Error connecting to the database: mysqli_sql_exception: Access denied for user 'user_admin'@'localhost' (using password: YES) in C:\laragon\www\crud-cadastro\system\Database\MySQLi\Connection.php:201
Stack trace:
#0 C:\laragon\www\crud-cadastro\system\Database\MySQLi\Connection.php(201): mysqli->real_connect('localhost', 'user_admin', Object(SensitiveParameterValue), 'ci4_avaliacao', 3306, '', 0)
#1 C:\laragon\www\crud-cadastro\system\Database\BaseConnection.php(555): CodeIgniter\Database\MySQLi\Connection->connect(false)
#2 C:\laragon\www\crud-cadastro\system\Database\BaseConnection.php(795): CodeIgniter\Database\BaseConnection->initialize()
#3 C:\laragon\www\crud-cadastro\system\Database\BaseBuilder.php(1649): CodeIgniter\Database\BaseConnection->query('SELECT *\nFROM `...', Array, false)
#4 C:\laragon\www\crud-cadastro\system\Model.php(253): CodeIgniter\Database\BaseBuilder->get()
#5 C:\laragon\www\crud-cadastro\system\BaseModel.php(676): CodeIgniter\Model->doFindAll(0, 0)
#6 C:\laragon\www\crud-cadastro\app\Controllers\CargosController.php(31): CodeIgniter\BaseModel->findAll()
#7 C:\laragon\www\crud-cadastro\system\CodeIgniter.php(951): App\Controllers\CargosController->index()
#8 C:\laragon\www\crud-cadastro\system\CodeIgniter.php(497): CodeIgniter\CodeIgniter->runController(Object(App\Controllers\CargosController))
#9 C:\laragon\www\crud-cadastro\system\CodeIgniter.php(340): CodeIgniter\CodeIgniter->handleRequest(NULL, Object(Config\Cache), false)
#10 C:\laragon\www\crud-cadastro\system\Boot.php(417): CodeIgniter\CodeIgniter->run()
#11 C:\laragon\www\crud-cadastro\system\Boot.php(68): CodeIgniter\Boot::runCodeIgniter(Object(CodeIgniter\CodeIgniter))
#12 C:\laragon\www\crud-cadastro\public\index.php(59): CodeIgniter\Boot::bootWeb(Object(Config\Paths))
#13 {main}

Next CodeIgniter\Database\Exceptions\DatabaseException: Access denied for user '****'@'localhost' (using password: YES) in C:\laragon\www\crud-cadastro\system\Database\MySQLi\Connection.php:231
Stack trace:
#0 C:\laragon\www\crud-cadastro\system\Database\BaseConnection.php(555): CodeIgniter\Database\MySQLi\Connection->connect(false)
#1 C:\laragon\www\crud-cadastro\system\Database\BaseConnection.php(795): CodeIgniter\Database\BaseConnection->initialize()
#2 C:\laragon\www\crud-cadastro\system\Database\BaseBuilder.php(1649): CodeIgniter\Database\BaseConnection->query('SELECT *\nFROM `...', Array, false)
#3 C:\laragon\www\crud-cadastro\system\Model.php(253): CodeIgniter\Database\BaseBuilder->get()
#4 C:\laragon\www\crud-cadastro\system\BaseModel.php(676): CodeIgniter\Model->doFindAll(0, 0)
#5 C:\laragon\www\crud-cadastro\app\Controllers\CargosController.php(31): CodeIgniter\BaseModel->findAll()
#6 C:\laragon\www\crud-cadastro\system\CodeIgniter.php(951): App\Controllers\CargosController->index()
#7 C:\laragon\www\crud-cadastro\system\CodeIgniter.php(497): CodeIgniter\CodeIgniter->runController(Object(App\Controllers\CargosController))
#8 C:\laragon\www\crud-cadastro\system\CodeIgniter.php(340): CodeIgniter\CodeIgniter->handleRequest(NULL, Object(Config\Cache), false)
#9 C:\laragon\www\crud-cadastro\system\Boot.php(417): CodeIgniter\CodeIgniter->run()
#10 C:\laragon\www\crud-cadastro\system\Boot.php(68): CodeIgniter\Boot::runCodeIgniter(Object(CodeIgniter\CodeIgniter))
#11 C:\laragon\www\crud-cadastro\public\index.php(59): CodeIgniter\Boot::bootWeb(Object(Config\Paths))
#12 {main}
CRITICAL - 2026-04-14 14:07:13 --> CodeIgniter\Database\Exceptions\DatabaseException: Unable to connect to the database.
Main connection [MySQLi]: Access denied for user '****'@'localhost' (using password: YES)
[Method: GET, Route: cargos]
in SYSTEMPATH\Database\BaseConnection.php on line 606.
 1 SYSTEMPATH\Database\BaseConnection.php(795): CodeIgniter\Database\BaseConnection->initialize()
 2 SYSTEMPATH\Database\BaseBuilder.php(1649): CodeIgniter\Database\BaseConnection->query('SELECT *
FROM `tbl_cargo`', [], false)
 3 SYSTEMPATH\Model.php(253): CodeIgniter\Database\BaseBuilder->get()
 4 SYSTEMPATH\BaseModel.php(676): CodeIgniter\Model->doFindAll(0, 0)
 5 APPPATH\Controllers\CargosController.php(31): CodeIgniter\BaseModel->findAll()
 6 SYSTEMPATH\CodeIgniter.php(951): App\Controllers\CargosController->index()
 7 SYSTEMPATH\CodeIgniter.php(497): CodeIgniter\CodeIgniter->runController(Object(App\Controllers\CargosController))
 8 SYSTEMPATH\CodeIgniter.php(340): CodeIgniter\CodeIgniter->handleRequest(null, Object(Config\Cache), false)
 9 SYSTEMPATH\Boot.php(417): CodeIgniter\CodeIgniter->run()
10 SYSTEMPATH\Boot.php(68): CodeIgniter\Boot::runCodeIgniter(Object(CodeIgniter\CodeIgniter))
11 FCPATH\index.php(59): CodeIgniter\Boot::bootWeb(Object(Config\Paths))
ERROR - 2026-04-14 14:07:20 --> Error connecting to the database: mysqli_sql_exception: Access denied for user 'user_admin'@'localhost' (using password: YES) in C:\laragon\www\crud-cadastro\system\Database\MySQLi\Connection.php:201
Stack trace:
#0 C:\laragon\www\crud-cadastro\system\Database\MySQLi\Connection.php(201): mysqli->real_connect('localhost', 'user_admin', Object(SensitiveParameterValue), 'ci4_avaliacao', 3306, '', 0)
#1 C:\laragon\www\crud-cadastro\system\Database\BaseConnection.php(555): CodeIgniter\Database\MySQLi\Connection->connect(false)
#2 C:\laragon\www\crud-cadastro\system\Database\BaseConnection.php(795): CodeIgniter\Database\BaseConnection->initialize()
#3 C:\laragon\www\crud-cadastro\system\Database\BaseBuilder.php(1649): CodeIgniter\Database\BaseConnection->query('SELECT *\nFROM `...', Array, false)
#4 C:\laragon\www\crud-cadastro\system\Model.php(253): CodeIgniter\Database\BaseBuilder->get()
#5 C:\laragon\www\crud-cadastro\system\BaseModel.php(676): CodeIgniter\Model->doFindAll(0, 0)
#6 C:\laragon\www\crud-cadastro\app\Controllers\CargosController.php(31): CodeIgniter\BaseModel->findAll()
#7 C:\laragon\www\crud-cadastro\system\CodeIgniter.php(951): App\Controllers\CargosController->index()
#8 C:\laragon\www\crud-cadastro\system\CodeIgniter.php(497): CodeIgniter\CodeIgniter->runController(Object(App\Controllers\CargosController))
#9 C:\laragon\www\crud-cadastro\system\CodeIgniter.php(340): CodeIgniter\CodeIgniter->handleRequest(NULL, Object(Config\Cache), false)
#10 C:\laragon\www\crud-cadastro\system\Boot.php(417): CodeIgniter\CodeIgniter->run()
#11 C:\laragon\www\crud-cadastro\system\Boot.php(68): CodeIgniter\Boot::runCodeIgniter(Object(CodeIgniter\CodeIgniter))
#12 C:\laragon\www\crud-cadastro\public\index.php(59): CodeIgniter\Boot::bootWeb(Object(Config\Paths))
#13 {main}

Next CodeIgniter\Database\Exceptions\DatabaseException: Access denied for user '****'@'localhost' (using password: YES) in C:\laragon\www\crud-cadastro\system\Database\MySQLi\Connection.php:231
Stack trace:
#0 C:\laragon\www\crud-cadastro\system\Database\BaseConnection.php(555): CodeIgniter\Database\MySQLi\Connection->connect(false)
#1 C:\laragon\www\crud-cadastro\system\Database\BaseConnection.php(795): CodeIgniter\Database\BaseConnection->initialize()
#2 C:\laragon\www\crud-cadastro\system\Database\BaseBuilder.php(1649): CodeIgniter\Database\BaseConnection->query('SELECT *\nFROM `...', Array, false)
#3 C:\laragon\www\crud-cadastro\system\Model.php(253): CodeIgniter\Database\BaseBuilder->get()
#4 C:\laragon\www\crud-cadastro\system\BaseModel.php(676): CodeIgniter\Model->doFindAll(0, 0)
#5 C:\laragon\www\crud-cadastro\app\Controllers\CargosController.php(31): CodeIgniter\BaseModel->findAll()
#6 C:\laragon\www\crud-cadastro\system\CodeIgniter.php(951): App\Controllers\CargosController->index()
#7 C:\laragon\www\crud-cadastro\system\CodeIgniter.php(497): CodeIgniter\CodeIgniter->runController(Object(App\Controllers\CargosController))
#8 C:\laragon\www\crud-cadastro\system\CodeIgniter.php(340): CodeIgniter\CodeIgniter->handleRequest(NULL, Object(Config\Cache), false)
#9 C:\laragon\www\crud-cadastro\system\Boot.php(417): CodeIgniter\CodeIgniter->run()
#10 C:\laragon\www\crud-cadastro\system\Boot.php(68): CodeIgniter\Boot::runCodeIgniter(Object(CodeIgniter\CodeIgniter))
#11 C:\laragon\www\crud-cadastro\public\index.php(59): CodeIgniter\Boot::bootWeb(Object(Config\Paths))
#12 {main}
CRITICAL - 2026-04-14 14:07:20 --> CodeIgniter\Database\Exceptions\DatabaseException: Unable to connect to the database.
Main connection [MySQLi]: Access denied for user '****'@'localhost' (using password: YES)
[Method: GET, Route: cargos]
in SYSTEMPATH\Database\BaseConnection.php on line 606.
 1 SYSTEMPATH\Database\BaseConnection.php(795): CodeIgniter\Database\BaseConnection->initialize()
 2 SYSTEMPATH\Database\BaseBuilder.php(1649): CodeIgniter\Database\BaseConnection->query('SELECT *
FROM `tbl_cargo`', [], false)
 3 SYSTEMPATH\Model.php(253): CodeIgniter\Database\BaseBuilder->get()
 4 SYSTEMPATH\BaseModel.php(676): CodeIgniter\Model->doFindAll(0, 0)
 5 APPPATH\Controllers\CargosController.php(31): CodeIgniter\BaseModel->findAll()
 6 SYSTEMPATH\CodeIgniter.php(951): App\Controllers\CargosController->index()
 7 SYSTEMPATH\CodeIgniter.php(497): CodeIgniter\CodeIgniter->runController(Object(App\Controllers\CargosController))
 8 SYSTEMPATH\CodeIgniter.php(340): CodeIgniter\CodeIgniter->handleRequest(null, Object(Config\Cache), false)
 9 SYSTEMPATH\Boot.php(417): CodeIgniter\CodeIgniter->run()
10 SYSTEMPATH\Boot.php(68): CodeIgniter\Boot::runCodeIgniter(Object(CodeIgniter\CodeIgniter))
11 FCPATH\index.php(59): CodeIgniter\Boot::bootWeb(Object(Config\Paths))
ERROR - 2026-04-14 14:08:27 --> Error connecting to the database: mysqli_sql_exception: Access denied for user 'user_admin'@'localhost' (using password: YES) in C:\laragon\www\crud-cadastro\system\Database\MySQLi\Connection.php:201
Stack trace:
#0 C:\laragon\www\crud-cadastro\system\Database\MySQLi\Connection.php(201): mysqli->real_connect('localhost', 'user_admin', Object(SensitiveParameterValue), 'ci4_avaliacao', 3306, '', 0)
#1 C:\laragon\www\crud-cadastro\system\Database\BaseConnection.php(555): CodeIgniter\Database\MySQLi\Connection->connect(false)
#2 C:\laragon\www\crud-cadastro\system\Database\BaseConnection.php(795): CodeIgniter\Database\BaseConnection->initialize()
#3 C:\laragon\www\crud-cadastro\system\Database\BaseBuilder.php(1649): CodeIgniter\Database\BaseConnection->query('SELECT *\nFROM `...', Array, false)
#4 C:\laragon\www\crud-cadastro\system\Model.php(253): CodeIgniter\Database\BaseBuilder->get()
#5 C:\laragon\www\crud-cadastro\system\BaseModel.php(676): CodeIgniter\Model->doFindAll(0, 0)
#6 C:\laragon\www\crud-cadastro\app\Controllers\CargosController.php(31): CodeIgniter\BaseModel->findAll()
#7 C:\laragon\www\crud-cadastro\system\CodeIgniter.php(951): App\Controllers\CargosController->index()
#8 C:\laragon\www\crud-cadastro\system\CodeIgniter.php(497): CodeIgniter\CodeIgniter->runController(Object(App\Controllers\CargosController))
#9 C:\laragon\www\crud-cadastro\system\CodeIgniter.php(340): CodeIgniter\CodeIgniter->handleRequest(NULL, Object(Config\Cache), false)
#10 C:\laragon\www\crud-cadastro\system\Boot.php(417): CodeIgniter\CodeIgniter->run()
#11 C:\laragon\www\crud-cadastro\system\Boot.php(68): CodeIgniter\Boot::runCodeIgniter(Object(CodeIgniter\CodeIgniter))
#12 C:\laragon\www\crud-cadastro\public\index.php(59): CodeIgniter\Boot::bootWeb(Object(Config\Paths))
#13 {main}

Next CodeIgniter\Database\Exceptions\DatabaseException: Access denied for user '****'@'localhost' (using password: YES) in C:\laragon\www\crud-cadastro\system\Database\MySQLi\Connection.php:231
Stack trace:
#0 C:\laragon\www\crud-cadastro\system\Database\BaseConnection.php(555): CodeIgniter\Database\MySQLi\Connection->connect(false)
#1 C:\laragon\www\crud-cadastro\system\Database\BaseConnection.php(795): CodeIgniter\Database\BaseConnection->initialize()
#2 C:\laragon\www\crud-cadastro\system\Database\BaseBuilder.php(1649): CodeIgniter\Database\BaseConnection->query('SELECT *\nFROM `...', Array, false)
#3 C:\laragon\www\crud-cadastro\system\Model.php(253): CodeIgniter\Database\BaseBuilder->get()
#4 C:\laragon\www\crud-cadastro\system\BaseModel.php(676): CodeIgniter\Model->doFindAll(0, 0)
#5 C:\laragon\www\crud-cadastro\app\Controllers\CargosController.php(31): CodeIgniter\BaseModel->findAll()
#6 C:\laragon\www\crud-cadastro\system\CodeIgniter.php(951): App\Controllers\CargosController->index()
#7 C:\laragon\www\crud-cadastro\system\CodeIgniter.php(497): CodeIgniter\CodeIgniter->runController(Object(App\Controllers\CargosController))
#8 C:\laragon\www\crud-cadastro\system\CodeIgniter.php(340): CodeIgniter\CodeIgniter->handleRequest(NULL, Object(Config\Cache), false)
#9 C:\laragon\www\crud-cadastro\system\Boot.php(417): CodeIgniter\CodeIgniter->run()
#10 C:\laragon\www\crud-cadastro\system\Boot.php(68): CodeIgniter\Boot::runCodeIgniter(Object(CodeIgniter\CodeIgniter))
#11 C:\laragon\www\crud-cadastro\public\index.php(59): CodeIgniter\Boot::bootWeb(Object(Config\Paths))
#12 {main}
CRITICAL - 2026-04-14 14:08:27 --> CodeIgniter\Database\Exceptions\DatabaseException: Unable to connect to the database.
Main connection [MySQLi]: Access denied for user '****'@'localhost' (using password: YES)
[Method: GET, Route: cargos]
in SYSTEMPATH\Database\BaseConnection.php on line 606.
 1 SYSTEMPATH\Database\BaseConnection.php(795): CodeIgniter\Database\BaseConnection->initialize()
 2 SYSTEMPATH\Database\BaseBuilder.php(1649): CodeIgniter\Database\BaseConnection->query('SELECT *
FROM `tbl_cargo`', [], false)
 3 SYSTEMPATH\Model.php(253): CodeIgniter\Database\BaseBuilder->get()
 4 SYSTEMPATH\BaseModel.php(676): CodeIgniter\Model->doFindAll(0, 0)
 5 APPPATH\Controllers\CargosController.php(31): CodeIgniter\BaseModel->findAll()
 6 SYSTEMPATH\CodeIgniter.php(951): App\Controllers\CargosController->index()
 7 SYSTEMPATH\CodeIgniter.php(497): CodeIgniter\CodeIgniter->runController(Object(App\Controllers\CargosController))
 8 SYSTEMPATH\CodeIgniter.php(340): CodeIgniter\CodeIgniter->handleRequest(null, Object(Config\Cache), false)
 9 SYSTEMPATH\Boot.php(417): CodeIgniter\CodeIgniter->run()
10 SYSTEMPATH\Boot.php(68): CodeIgniter\Boot::runCodeIgniter(Object(CodeIgniter\CodeIgniter))
11 FCPATH\index.php(59): CodeIgniter\Boot::bootWeb(Object(Config\Paths))
ERROR - 2026-04-14 14:08:43 --> Error connecting to the database: mysqli_sql_exception: Access denied for user 'user_admin'@'localhost' (using password: YES) in C:\laragon\www\crud-cadastro\system\Database\MySQLi\Connection.php:201
Stack trace:
#0 C:\laragon\www\crud-cadastro\system\Database\MySQLi\Connection.php(201): mysqli->real_connect('localhost', 'user_admin', Object(SensitiveParameterValue), 'ci4_avaliacao', 3306, '', 0)
#1 C:\laragon\www\crud-cadastro\system\Database\BaseConnection.php(555): CodeIgniter\Database\MySQLi\Connection->connect(false)
#2 C:\laragon\www\crud-cadastro\system\Database\BaseConnection.php(795): CodeIgniter\Database\BaseConnection->initialize()
#3 C:\laragon\www\crud-cadastro\system\Database\BaseBuilder.php(1649): CodeIgniter\Database\BaseConnection->query('SELECT *\nFROM `...', Array, false)
#4 C:\laragon\www\crud-cadastro\system\Model.php(253): CodeIgniter\Database\BaseBuilder->get()
#5 C:\laragon\www\crud-cadastro\system\BaseModel.php(676): CodeIgniter\Model->doFindAll(0, 0)
#6 C:\laragon\www\crud-cadastro\app\Controllers\CargosController.php(31): CodeIgniter\BaseModel->findAll()
#7 C:\laragon\www\crud-cadastro\system\CodeIgniter.php(951): App\Controllers\CargosController->index()
#8 C:\laragon\www\crud-cadastro\system\CodeIgniter.php(497): CodeIgniter\CodeIgniter->runController(Object(App\Controllers\CargosController))
#9 C:\laragon\www\crud-cadastro\system\CodeIgniter.php(340): CodeIgniter\CodeIgniter->handleRequest(NULL, Object(Config\Cache), false)
#10 C:\laragon\www\crud-cadastro\system\Boot.php(417): CodeIgniter\CodeIgniter->run()
#11 C:\laragon\www\crud-cadastro\system\Boot.php(68): CodeIgniter\Boot::runCodeIgniter(Object(CodeIgniter\CodeIgniter))
#12 C:\laragon\www\crud-cadastro\public\index.php(59): CodeIgniter\Boot::bootWeb(Object(Config\Paths))
#13 {main}

Next CodeIgniter\Database\Exceptions\DatabaseException: Access denied for user '****'@'localhost' (using password: YES) in C:\laragon\www\crud-cadastro\system\Database\MySQLi\Connection.php:231
Stack trace:
#0 C:\laragon\www\crud-cadastro\system\Database\BaseConnection.php(555): CodeIgniter\Database\MySQLi\Connection->connect(false)
#1 C:\laragon\www\crud-cadastro\system\Database\BaseConnection.php(795): CodeIgniter\Database\BaseConnection->initialize()
#2 C:\laragon\www\crud-cadastro\system\Database\BaseBuilder.php(1649): CodeIgniter\Database\BaseConnection->query('SELECT *\nFROM `...', Array, false)
#3 C:\laragon\www\crud-cadastro\system\Model.php(253): CodeIgniter\Database\BaseBuilder->get()
#4 C:\laragon\www\crud-cadastro\system\BaseModel.php(676): CodeIgniter\Model->doFindAll(0, 0)
#5 C:\laragon\www\crud-cadastro\app\Controllers\CargosController.php(31): CodeIgniter\BaseModel->findAll()
#6 C:\laragon\www\crud-cadastro\system\CodeIgniter.php(951): App\Controllers\CargosController->index()
#7 C:\laragon\www\crud-cadastro\system\CodeIgniter.php(497): CodeIgniter\CodeIgniter->runController(Object(App\Controllers\CargosController))
#8 C:\laragon\www\crud-cadastro\system\CodeIgniter.php(340): CodeIgniter\CodeIgniter->handleRequest(NULL, Object(Config\Cache), false)
#9 C:\laragon\www\crud-cadastro\system\Boot.php(417): CodeIgniter\CodeIgniter->run()
#10 C:\laragon\www\crud-cadastro\system\Boot.php(68): CodeIgniter\Boot::runCodeIgniter(Object(CodeIgniter\CodeIgniter))
#11 C:\laragon\www\crud-cadastro\public\index.php(59): CodeIgniter\Boot::bootWeb(Object(Config\Paths))
#12 {main}
CRITICAL - 2026-04-14 14:08:43 --> CodeIgniter\Database\Exceptions\DatabaseException: Unable to connect to the database.
Main connection [MySQLi]: Access denied for user '****'@'localhost' (using password: YES)
[Method: GET, Route: cargos]
in SYSTEMPATH\Database\BaseConnection.php on line 606.
 1 SYSTEMPATH\Database\BaseConnection.php(795): CodeIgniter\Database\BaseConnection->initialize()
 2 SYSTEMPATH\Database\BaseBuilder.php(1649): CodeIgniter\Database\BaseConnection->query('SELECT *
FROM `tbl_cargo`', [], false)
 3 SYSTEMPATH\Model.php(253): CodeIgniter\Database\BaseBuilder->get()
 4 SYSTEMPATH\BaseModel.php(676): CodeIgniter\Model->doFindAll(0, 0)
 5 APPPATH\Controllers\CargosController.php(31): CodeIgniter\BaseModel->findAll()
 6 SYSTEMPATH\CodeIgniter.php(951): App\Controllers\CargosController->index()
 7 SYSTEMPATH\CodeIgniter.php(497): CodeIgniter\CodeIgniter->runController(Object(App\Controllers\CargosController))
 8 SYSTEMPATH\CodeIgniter.php(340): CodeIgniter\CodeIgniter->handleRequest(null, Object(Config\Cache), false)
 9 SYSTEMPATH\Boot.php(417): CodeIgniter\CodeIgniter->run()
10 SYSTEMPATH\Boot.php(68): CodeIgniter\Boot::runCodeIgniter(Object(CodeIgniter\CodeIgniter))
11 FCPATH\index.php(59): CodeIgniter\Boot::bootWeb(Object(Config\Paths))
DEBUG - 2026-04-14 14:10:19 --> Session: Class initialized using 'CodeIgniter\Session\Handlers\FileHandler' driver.
DEBUG - 2026-04-14 14:10:28 --> Session: Class initialized using 'CodeIgniter\Session\Handlers\FileHandler' driver.
DEBUG - 2026-04-14 14:10:29 --> Session: Class initialized using 'CodeIgniter\Session\Handlers\FileHandler' driver.
DEBUG - 2026-04-14 14:10:31 --> Session: Class initialized using 'CodeIgniter\Session\Handlers\FileHandler' driver.
DEBUG - 2026-04-14 14:10:34 --> Session: Class initialized using 'CodeIgniter\Session\Handlers\FileHandler' driver.
DEBUG - 2026-04-14 14:10:36 --> Session: Class initialized using 'CodeIgniter\Session\Handlers\FileHandler' driver.
DEBUG - 2026-04-14 14:10:38 --> Session: Class initialized using 'CodeIgniter\Session\Handlers\FileHandler' driver.
DEBUG - 2026-04-14 14:10:41 --> Session: Class initialized using 'CodeIgniter\Session\Handlers\FileHandler' driver.
DEBUG - 2026-04-14 14:10:45 --> Session: Class initialized using 'CodeIgniter\Session\Handlers\FileHandler' driver.
DEBUG - 2026-04-14 14:10:45 --> Session: Class initialized using 'CodeIgniter\Session\Handlers\FileHandler' driver.
DEBUG - 2026-04-14 14:10:51 --> Session: Class initialized using 'CodeIgniter\Session\Handlers\FileHandler' driver.
DEBUG - 2026-04-14 14:10:52 --> Session: Class initialized using 'CodeIgniter\Session\Handlers\FileHandler' driver.
DEBUG - 2026-04-14 14:46:45 --> Session: Class initialized using 'CodeIgniter\Session\Handlers\FileHandler' driver.
DEBUG - 2026-04-14 14:46:46 --> Session: Class initialized using 'CodeIgniter\Session\Handlers\FileHandler' driver.
DEBUG - 2026-04-14 14:46:47 --> Session: Class initialized using 'CodeIgniter\Session\Handlers\FileHandler' driver.
DEBUG - 2026-04-14 14:46:48 --> Session: Class initialized using 'CodeIgniter\Session\Handlers\FileHandler' driver.
DEBUG - 2026-04-14 14:46:49 --> Session: Class initialized using 'CodeIgniter\Session\Handlers\FileHandler' driver.
DEBUG - 2026-04-14 14:46:51 --> Session: Class initialized using 'CodeIgniter\Session\Handlers\FileHandler' driver.
DEBUG - 2026-04-14 14:46:53 --> Session: Class initialized using 'CodeIgniter\Session\Handlers\FileHandler' driver.
DEBUG - 2026-04-14 16:43:07 --> Session: Class initialized using 'CodeIgniter\Session\Handlers\FileHandler' driver.
DEBUG - 2026-04-14 16:43:09 --> Session: Class initialized using 'CodeIgniter\Session\Handlers\FileHandler' driver.
DEBUG - 2026-04-14 16:43:09 --> Session: Class initialized using 'CodeIgniter\Session\Handlers\FileHandler' driver.
DEBUG - 2026-04-14 16:43:10 --> Session: Class initialized using 'CodeIgniter\Session\Handlers\FileHandler' driver.
DEBUG - 2026-04-14 16:43:11 --> Session: Class initialized using 'CodeIgniter\Session\Handlers\FileHandler' driver.
DEBUG - 2026-04-14 16:43:12 --> Session: Class initialized using 'CodeIgniter\Session\Handlers\FileHandler' driver.
